<?xml version="1.0" encoding="UTF-8"?>
<!-- Generated by org.testng.reporters.JUnitReportReporter -->
<testsuite hostname="LAPTOP-N34GTUSU" failures="0" tests="1" name="com.SS.OrderMedicine.TestDemo" time="14.711" errors="0" timestamp="2020-08-19T12:33:38 IST" skipped="0">
  <testcase classname="com.SS.OrderMedicine.TestDemo" name="smp" time="14.711"/>
</testsuite> <!-- com.SS.OrderMedicine.TestDemo -->
